[2025-07-15T04:37:38.467+0000] {manager.py:470} INFO - Processing files using up to 2 processes at a time 
[2025-07-15T04:37:38.467+0000] {manager.py:471} INFO - Process each file at most once every 30 seconds
[2025-07-15T04:37:38.468+0000] {manager.py:472} INFO - Checking for new files in /opt/airflow/dags every 300 seconds
[2025-07-15T04:37:38.468+0000] {manager.py:737} INFO - Searching for files in /opt/airflow/dags
[2025-07-15T04:37:38.469+0000] {manager.py:740} INFO - There are 0 files in /opt/airflow/dags
[2025-07-15T04:47:09.233+0000] {manager.py:470} INFO - Processing files using up to 2 processes at a time 
[2025-07-15T04:47:09.239+0000] {manager.py:471} INFO - Process each file at most once every 30 seconds
[2025-07-15T04:47:09.239+0000] {manager.py:472} INFO - Checking for new files in /opt/airflow/dags every 300 seconds
[2025-07-15T04:47:09.244+0000] {manager.py:737} INFO - Searching for files in /opt/airflow/dags
[2025-07-15T04:47:09.245+0000] {manager.py:740} INFO - There are 1 files in /opt/airflow/dags
[2025-07-15T04:47:09.574+0000] {manager.py:878} INFO - 
================================================================================
DAG File Processing Stats

File Path                               PID  Runtime      # DAGs    # Errors  Last Runtime    Last Run
------------------------------------  -----  ---------  --------  ----------  --------------  ----------
/opt/airflow/dags/hello_world_dag.py    158  0.16s             0           0
================================================================================
[2025-07-15T04:47:39.754+0000] {manager.py:878} INFO - 
================================================================================
DAG File Processing Stats

File Path                             PID    Runtime      # DAGs    # Errors  Last Runtime    Last Run
------------------------------------  -----  ---------  --------  ----------  --------------  -------------------
/opt/airflow/dags/hello_world_dag.py                           1           0  1.41s           2025-07-15T04:47:10
================================================================================
[2025-07-15T04:48:10.121+0000] {manager.py:878} INFO - 
================================================================================
DAG File Processing Stats

File Path                             PID    Runtime      # DAGs    # Errors  Last Runtime    Last Run
------------------------------------  -----  ---------  --------  ----------  --------------  -------------------
/opt/airflow/dags/hello_world_dag.py                           1           0  0.13s           2025-07-15T04:47:41
================================================================================
[2025-07-15T04:48:40.289+0000] {manager.py:878} INFO - 
================================================================================
DAG File Processing Stats

File Path                             PID    Runtime      # DAGs    # Errors  Last Runtime    Last Run
------------------------------------  -----  ---------  --------  ----------  --------------  -------------------
/opt/airflow/dags/hello_world_dag.py                           1           0  0.09s           2025-07-15T04:48:11
================================================================================
[2025-07-15T04:49:10.409+0000] {manager.py:878} INFO - 
================================================================================
DAG File Processing Stats

File Path                             PID    Runtime      # DAGs    # Errors  Last Runtime    Last Run
------------------------------------  -----  ---------  --------  ----------  --------------  -------------------
/opt/airflow/dags/hello_world_dag.py                           1           0  0.10s           2025-07-15T04:48:41
================================================================================
[2025-07-15T04:49:40.565+0000] {manager.py:878} INFO - 
================================================================================
DAG File Processing Stats

File Path                             PID    Runtime      # DAGs    # Errors  Last Runtime    Last Run
------------------------------------  -----  ---------  --------  ----------  --------------  -------------------
/opt/airflow/dags/hello_world_dag.py                           1           0  0.09s           2025-07-15T04:49:11
================================================================================
